
=== Fri Mar  5 17:55:49 2021

Packages were changed.
Update Mode: updateDependencies

The following packages were added:
  com.unity.ide.visualstudio@2.0.5
The following packages were updated:
  com.unity.ads from version 2.0.8 to 3.5.2
  com.unity.analytics from version 3.3.2 to 3.5.3
  com.unity.collab-proxy from version 1.2.16 to 1.3.9
  com.unity.ide.rider from version 1.1.4 to 1.2.1
  com.unity.ide.vscode from version 1.1.3 to 1.2.3
  com.unity.multiplayer-hlapi from version 1.0.4 to 1.0.6
  com.unity.purchasing from version 2.0.6 to 2.2.1
  com.unity.render-pipelines.high-definition from version 7.1.6 to 8.3.1
  com.unity.test-framework from version 1.1.3 to 1.1.19
  com.unity.textmeshpro from version 2.0.1 to 3.0.1
  com.unity.xr.legacyinputhelpers from version 1.3.8 to 2.1.6

=== Wed Mar 17 11:19:59 2021

Packages were changed.
Update Mode: mergeDefaultDependencies

The following packages were added:
  com.unity.postprocessing@2.3.0
  com.unity.progrids@3.0.3-preview.4
The following packages were updated:
  com.unity.timeline from version 1.2.6 to 1.2.10

=== Mon Mar 22 09:48:09 2021

Packages were changed.
Update Mode: updateDependencies

The following packages were updated:
  com.unity.ads from version 3.5.2 to 3.6.1
  com.unity.ide.rider from version 1.2.1 to 2.0.7
  com.unity.purchasing from version 2.2.1 to 2.2.2
  com.unity.render-pipelines.high-definition from version 8.3.1 to 10.3.1
  com.unity.test-framework from version 1.1.19 to 1.1.22
  com.unity.xr.legacyinputhelpers from version 2.1.6 to 2.1.7

=== Mon Mar 22 11:34:34 2021

Packages were changed.
Update Mode: updateDependencies

The following packages were updated:
  com.unity.ide.visualstudio from version 2.0.5 to 2.0.7
  com.unity.render-pipelines.high-definition from version 10.3.1 to 10.3.2
  com.unity.timeline from version 1.2.10 to 1.4.6
